{"/Users/khallilbailey/dev/MakeSchool/FEW-2.1/Libraries/Strings/index.js": {"path":"/Users/khallilbailey/dev/MakeSchool/FEW-2.1/Libraries/Strings/index.js","statementMap":{"0":{"start":{"line":2,"column":0},"end":{"line":4,"column":4}},"1":{"start":{"line":3,"column":4},"end":{"line":3,"column":56}},"2":{"start":{"line":7,"column":2},"end":{"line":9,"column":4}},"3":{"start":{"line":8,"column":4},"end":{"line":8,"column":30}},"4":{"start":{"line":12,"column":2},"end":{"line":20,"column":4}},"5":{"start":{"line":13,"column":4},"end":{"line":13,"column":29}},"6":{"start":{"line":15,"column":4},"end":{"line":17,"column":5}},"7":{"start":{"line":15,"column":17},"end":{"line":15,"column":18}},"8":{"start":{"line":15,"column":24},"end":{"line":15,"column":37}},"9":{"start":{"line":16,"column":6},"end":{"line":16,"column":67}},"10":{"start":{"line":19,"column":4},"end":{"line":19,"column":28}},"11":{"start":{"line":23,"column":2},"end":{"line":33,"column":4}},"12":{"start":{"line":24,"column":23},"end":{"line":24,"column":25}},"13":{"start":{"line":25,"column":4},"end":{"line":31,"column":5}},"14":{"start":{"line":25,"column":17},"end":{"line":25,"column":18}},"15":{"start":{"line":26,"column":6},"end":{"line":30,"column":7}},"16":{"start":{"line":27,"column":8},"end":{"line":27,"column":46}},"17":{"start":{"line":29,"column":8},"end":{"line":29,"column":46}},"18":{"start":{"line":32,"column":4},"end":{"line":32,"column":24}},"19":{"start":{"line":36,"column":2},"end":{"line":40,"column":4}},"20":{"start":{"line":37,"column":16},"end":{"line":37,"column":29}},"21":{"start":{"line":38,"column":20},"end":{"line":38,"column":43}},"22":{"start":{"line":39,"column":4},"end":{"line":39,"column":21}},"23":{"start":{"line":43,"column":2},"end":{"line":47,"column":4}},"24":{"start":{"line":44,"column":16},"end":{"line":44,"column":21}},"25":{"start":{"line":45,"column":20},"end":{"line":45,"column":58}},"26":{"start":{"line":46,"column":4},"end":{"line":46,"column":21}},"27":{"start":{"line":50,"column":2},"end":{"line":59,"column":4}},"28":{"start":{"line":51,"column":21},"end":{"line":51,"column":30}},"29":{"start":{"line":52,"column":22},"end":{"line":52,"column":27}},"30":{"start":{"line":53,"column":20},"end":{"line":53,"column":48}},"31":{"start":{"line":54,"column":4},"end":{"line":54,"column":52}},"32":{"start":{"line":55,"column":4},"end":{"line":58,"column":17}},"33":{"start":{"line":62,"column":2},"end":{"line":66,"column":4}},"34":{"start":{"line":63,"column":4},"end":{"line":65,"column":27}},"35":{"start":{"line":64,"column":6},"end":{"line":64,"column":66}}},"fnMap":{"0":{"name":"(anonymous_0)","decl":{"start":{"line":2,"column":30},"end":{"line":2,"column":31}},"loc":{"start":{"line":2,"column":41},"end":{"line":4,"column":3}},"line":2},"1":{"name":"(anonymous_1)","decl":{"start":{"line":7,"column":29},"end":{"line":7,"column":30}},"loc":{"start":{"line":7,"column":40},"end":{"line":9,"column":3}},"line":7},"2":{"name":"(anonymous_2)","decl":{"start":{"line":12,"column":37},"end":{"line":12,"column":38}},"loc":{"start":{"line":12,"column":48},"end":{"line":20,"column":3}},"line":12},"3":{"name":"(anonymous_3)","decl":{"start":{"line":23,"column":29},"end":{"line":23,"column":30}},"loc":{"start":{"line":23,"column":40},"end":{"line":33,"column":3}},"line":23},"4":{"name":"(anonymous_4)","decl":{"start":{"line":36,"column":39},"end":{"line":36,"column":40}},"loc":{"start":{"line":36,"column":50},"end":{"line":40,"column":3}},"line":36},"5":{"name":"(anonymous_5)","decl":{"start":{"line":43,"column":31},"end":{"line":43,"column":32}},"loc":{"start":{"line":43,"column":42},"end":{"line":47,"column":3}},"line":43},"6":{"name":"(anonymous_6)","decl":{"start":{"line":50,"column":31},"end":{"line":50,"column":32}},"loc":{"start":{"line":50,"column":42},"end":{"line":59,"column":3}},"line":50},"7":{"name":"(anonymous_7)","decl":{"start":{"line":62,"column":31},"end":{"line":62,"column":32}},"loc":{"start":{"line":62,"column":42},"end":{"line":66,"column":3}},"line":62},"8":{"name":"(anonymous_8)","decl":{"start":{"line":63,"column":47},"end":{"line":63,"column":48}},"loc":{"start":{"line":63,"column":69},"end":{"line":65,"column":5}},"line":63}},"branchMap":{"0":{"loc":{"start":{"line":26,"column":6},"end":{"line":30,"column":7}},"type":"if","locations":[{"start":{"line":26,"column":6},"end":{"line":30,"column":7}},{"start":{"line":26,"column":6},"end":{"line":30,"column":7}}],"line":26},"1":{"loc":{"start":{"line":64,"column":13},"end":{"line":64,"column":65}},"type":"cond-expr","locations":[{"start":{"line":64,"column":26},"end":{"line":64,"column":44}},{"start":{"line":64,"column":47},"end":{"line":64,"column":65}}],"line":64}},"s":{"0":1,"1":1,"2":1,"3":1,"4":1,"5":1,"6":1,"7":1,"8":1,"9":4,"10":1,"11":1,"12":1,"13":1,"14":1,"15":7,"16":3,"17":4,"18":1,"19":1,"20":1,"21":1,"22":1,"23":1,"24":1,"25":1,"26":1,"27":1,"28":1,"29":1,"30":1,"31":1,"32":1,"33":1,"34":1,"35":2},"f":{"0":1,"1":1,"2":1,"3":1,"4":1,"5":1,"6":1,"7":1,"8":2},"b":{"0":[3,4],"1":[1,1]},"_coverageSchema":"43e27e138ebf9cfc5966b082cf9a028302ed4184","hash":"408557650f6459e5149e745091b6627fb2b9e1fc"}
}
