TN:
SF:/Users/khallilbailey/dev/MakeSchool/FEW-2.1/Libraries/Strings/index.js
FN:2,(anonymous_0)
FN:7,(anonymous_1)
FN:12,(anonymous_2)
FN:23,(anonymous_3)
FN:36,(anonymous_4)
FN:43,(anonymous_5)
FN:50,(anonymous_6)
FN:62,(anonymous_7)
FN:63,(anonymous_8)
FNF:9
FNH:9
FNDA:1,(anonymous_0)
FNDA:1,(anonymous_1)
FNDA:1,(anonymous_2)
FNDA:1,(anonymous_3)
FNDA:1,(anonymous_4)
FNDA:1,(anonymous_5)
FNDA:1,(anonymous_6)
FNDA:1,(anonymous_7)
FNDA:2,(anonymous_8)
DA:2,1
DA:3,1
DA:7,1
DA:8,1
DA:12,1
DA:13,1
DA:15,1
DA:16,4
DA:19,1
DA:23,1
DA:24,1
DA:25,1
DA:26,7
DA:27,3
DA:29,4
DA:32,1
DA:36,1
DA:37,1
DA:38,1
DA:39,1
DA:43,1
DA:44,1
DA:45,1
DA:46,1
DA:50,1
DA:51,1
DA:52,1
DA:53,1
DA:54,1
DA:55,1
DA:62,1
DA:63,1
DA:64,2
LF:33
LH:33
BRDA:26,0,0,3
BRDA:26,0,1,4
BRDA:64,1,0,1
BRDA:64,1,1,1
BRF:4
BRH:4
end_of_record
